2025-09-05 00:06:57,628 - INFO - Generating realistic fallback data
2025-09-05 00:06:57,631 - INFO - Backtest mode initialized with 5 data points
2025-09-05 00:06:57,636 - INFO - Unified Trader initialized in BACKTEST mode with ₹100,000
2025-09-05 00:06:57,636 - INFO - 🚀 Starting Unified Agentic Trader in BACKTEST mode
2025-09-05 00:07:02,643 - INFO - No more market data available
2025-09-05 00:07:26,617 - INFO - Generating realistic fallback data
2025-09-05 00:07:26,622 - INFO - Backtest mode initialized with 30 data points
2025-09-05 00:07:26,626 - INFO - Unified Trader initialized in BACKTEST mode with ₹100,000
2025-09-05 00:07:26,626 - INFO - 🚀 Starting Unified Agentic Trader in BACKTEST mode
2025-09-05 00:07:56,693 - INFO - No more market data available
2025-09-05 00:10:04,823 - INFO - Generating realistic fallback data
2025-09-05 00:10:04,826 - INFO - Backtest mode initialized with 30 data points
2025-09-05 00:10:04,841 - INFO - Unified Trader initialized in BACKTEST mode with ₹100,000
2025-09-05 00:10:04,842 - INFO - 🚀 Starting Unified Agentic Trader in BACKTEST mode
2025-09-05 00:10:34,984 - INFO - No more market data available
2025-09-05 00:11:05,084 - INFO - Generating realistic fallback data
2025-09-05 00:11:05,087 - INFO - Backtest mode initialized with 30 data points
2025-09-05 00:11:05,091 - INFO - Unified Trader initialized in BACKTEST mode with ₹100,000
2025-09-05 00:11:05,091 - INFO - 🚀 Starting Unified Agentic Trader in BACKTEST mode
2025-09-05 00:11:34,314 - INFO - Generating realistic fallback data
2025-09-05 00:11:34,315 - INFO - Backtest mode initialized with 5 data points
2025-09-05 00:11:34,317 - INFO - Unified Trader initialized in BACKTEST mode with ₹100,000
2025-09-05 00:11:34,318 - INFO - 🚀 Starting Unified Agentic Trader in BACKTEST mode
2025-09-05 00:11:39,326 - INFO - No more market data available
2025-09-05 00:14:48,099 - INFO - Generating realistic fallback data
2025-09-05 00:14:48,102 - INFO - Backtest mode initialized with 5 data points
2025-09-05 00:14:48,109 - INFO - Unified Trader initialized in BACKTEST mode with ₹100,000
2025-09-05 00:14:48,110 - INFO - 🚀 Starting Unified Agentic Trader in BACKTEST mode
2025-09-05 00:14:53,117 - INFO - No more market data available
2025-09-05 00:15:30,009 - INFO - Generating realistic fallback data
2025-09-05 00:15:30,011 - INFO - Backtest mode initialized with 30 data points
2025-09-05 00:15:30,016 - INFO - Unified Trader initialized in BACKTEST mode with ₹100,000
2025-09-05 00:15:30,016 - INFO - 🚀 Starting Unified Agentic Trader in BACKTEST mode
2025-09-05 00:16:00,085 - INFO - No more market data available
